CRITICAL - 2022-03-30 03:41:19 --> The framework needs the following extension(s) installed and loaded: intl.
#0 C:\xampp\htdocs\primera-entrega\system\CodeIgniter.php(219): CodeIgniter\Exceptions\FrameworkException::forMissingExtension('intl')
#1 C:\xampp\htdocs\primera-entrega\system\CodeIgniter.php(177): CodeIgniter\CodeIgniter->resolvePlatformExtensions()
#2 C:\xampp\htdocs\primera-entrega\system\bootstrap.php(146): CodeIgniter\CodeIgniter->initialize()
#3 C:\xampp\htdocs\primera-entrega\public\index.php(28): require('C:\\xampp\\htdocs...')
#4 {main}
CRITICAL - 2022-03-30 17:10:50 --> Invalid file: plantilla.php
#0 C:\xampp\htdocs\primera-entrega\system\View\View.php(198): CodeIgniter\Exceptions\FrameworkException::forInvalidFile('plantilla.php')
#1 C:\xampp\htdocs\primera-entrega\system\Common.php(1089): CodeIgniter\View\View->render('plantilla', Array, true)
#2 C:\xampp\htdocs\primera-entrega\app\Controllers\Home.php(13): view('plantilla')
#3 C:\xampp\htdocs\primera-entrega\system\CodeIgniter.php(832): App\Controllers\Home->pr()
#4 C:\xampp\htdocs\primera-entrega\system\CodeIgniter.php(419): CodeIgniter\CodeIgniter->runController(Object(App\Controllers\Home))
#5 C:\xampp\htdocs\primera-entrega\system\CodeIgniter.php(326): CodeIgniter\CodeIgniter->handleRequest(NULL, Object(Config\Cache), false)
#6 C:\xampp\htdocs\primera-entrega\index.php(37): CodeIgniter\CodeIgniter->run()
#7 {main}
CRITICAL - 2022-03-30 17:11:00 --> Invalid file: plantilla.php
#0 C:\xampp\htdocs\primera-entrega\system\View\View.php(198): CodeIgniter\Exceptions\FrameworkException::forInvalidFile('plantilla.php')
#1 C:\xampp\htdocs\primera-entrega\system\Common.php(1089): CodeIgniter\View\View->render('plantilla', Array, true)
#2 C:\xampp\htdocs\primera-entrega\app\Controllers\Home.php(13): view('plantilla')
#3 C:\xampp\htdocs\primera-entrega\system\CodeIgniter.php(832): App\Controllers\Home->pr()
#4 C:\xampp\htdocs\primera-entrega\system\CodeIgniter.php(419): CodeIgniter\CodeIgniter->runController(Object(App\Controllers\Home))
#5 C:\xampp\htdocs\primera-entrega\system\CodeIgniter.php(326): CodeIgniter\CodeIgniter->handleRequest(NULL, Object(Config\Cache), false)
#6 C:\xampp\htdocs\primera-entrega\index.php(37): CodeIgniter\CodeIgniter->run()
#7 {main}
CRITICAL - 2022-03-30 17:14:25 --> Invalid file: plantilla.php
#0 C:\xampp\htdocs\primera-entrega\system\View\View.php(198): CodeIgniter\Exceptions\FrameworkException::forInvalidFile('plantilla.php')
#1 C:\xampp\htdocs\primera-entrega\system\Common.php(1089): CodeIgniter\View\View->render('plantilla', Array, true)
#2 C:\xampp\htdocs\primera-entrega\app\Controllers\Home.php(13): view('plantilla')
#3 C:\xampp\htdocs\primera-entrega\system\CodeIgniter.php(832): App\Controllers\Home->pr()
#4 C:\xampp\htdocs\primera-entrega\system\CodeIgniter.php(419): CodeIgniter\CodeIgniter->runController(Object(App\Controllers\Home))
#5 C:\xampp\htdocs\primera-entrega\system\CodeIgniter.php(326): CodeIgniter\CodeIgniter->handleRequest(NULL, Object(Config\Cache), false)
#6 C:\xampp\htdocs\primera-entrega\index.php(37): CodeIgniter\CodeIgniter->run()
#7 {main}
CRITICAL - 2022-03-30 17:15:06 --> Invalid file: plantilla.php
#0 C:\xampp\htdocs\primera-entrega\system\View\View.php(198): CodeIgniter\Exceptions\FrameworkException::forInvalidFile('plantilla.php')
#1 C:\xampp\htdocs\primera-entrega\system\Common.php(1089): CodeIgniter\View\View->render('plantilla', Array, true)
#2 C:\xampp\htdocs\primera-entrega\app\Controllers\Home.php(13): view('plantilla')
#3 C:\xampp\htdocs\primera-entrega\system\CodeIgniter.php(832): App\Controllers\Home->pr()
#4 C:\xampp\htdocs\primera-entrega\system\CodeIgniter.php(419): CodeIgniter\CodeIgniter->runController(Object(App\Controllers\Home))
#5 C:\xampp\htdocs\primera-entrega\system\CodeIgniter.php(326): CodeIgniter\CodeIgniter->handleRequest(NULL, Object(Config\Cache), false)
#6 C:\xampp\htdocs\primera-entrega\index.php(37): CodeIgniter\CodeIgniter->run()
#7 {main}
CRITICAL - 2022-03-30 17:15:13 --> Invalid file: plantilla.php
#0 C:\xampp\htdocs\primera-entrega\system\View\View.php(198): CodeIgniter\Exceptions\FrameworkException::forInvalidFile('plantilla.php')
#1 C:\xampp\htdocs\primera-entrega\system\Common.php(1089): CodeIgniter\View\View->render('plantilla', Array, true)
#2 C:\xampp\htdocs\primera-entrega\app\Controllers\Home.php(13): view('plantilla')
#3 C:\xampp\htdocs\primera-entrega\system\CodeIgniter.php(832): App\Controllers\Home->pr()
#4 C:\xampp\htdocs\primera-entrega\system\CodeIgniter.php(419): CodeIgniter\CodeIgniter->runController(Object(App\Controllers\Home))
#5 C:\xampp\htdocs\primera-entrega\system\CodeIgniter.php(326): CodeIgniter\CodeIgniter->handleRequest(NULL, Object(Config\Cache), false)
#6 C:\xampp\htdocs\primera-entrega\index.php(37): CodeIgniter\CodeIgniter->run()
#7 {main}
CRITICAL - 2022-03-30 17:16:02 --> Invalid file: plantilla.php
#0 C:\xampp\htdocs\primera-entrega\system\View\View.php(198): CodeIgniter\Exceptions\FrameworkException::forInvalidFile('plantilla.php')
#1 C:\xampp\htdocs\primera-entrega\system\Common.php(1089): CodeIgniter\View\View->render('plantilla', Array, true)
#2 C:\xampp\htdocs\primera-entrega\app\Controllers\Home.php(13): view('plantilla')
#3 C:\xampp\htdocs\primera-entrega\system\CodeIgniter.php(832): App\Controllers\Home->pr()
#4 C:\xampp\htdocs\primera-entrega\system\CodeIgniter.php(419): CodeIgniter\CodeIgniter->runController(Object(App\Controllers\Home))
#5 C:\xampp\htdocs\primera-entrega\system\CodeIgniter.php(326): CodeIgniter\CodeIgniter->handleRequest(NULL, Object(Config\Cache), false)
#6 C:\xampp\htdocs\primera-entrega\index.php(37): CodeIgniter\CodeIgniter->run()
#7 {main}
